<?xml version="1.0" encoding="utf-8"?><testsuites name="pytest tests"><testsuite name="pytest" errors="0" failures="0" skipped="0" tests="9" time="1.697" timestamp="2026-08-22T15:35:28.616524+00:00" hostname="agent-env-fdcea8da-cd46-4a41-9009-1d325a9ce527"><testcase classname="tests.test_afetm_pending" name="test_root_reports_pending_mode" time="0.271" /><testcase classname="tests.test_afetm_pending" name="test_post_assessment_pending" time="0.063" /><testcase classname="tests.test_afetm_pending" name="test_get_pending_detail" time="0.137" /><testcase classname="tests.test_afetm_pending" name="test_resync_still_pending" time="0.106" /><testcase classname="tests.test_afetm_pending" name="test_resync_missing_id" time="0.052" /><testcase classname="tests.test_afetm_pending" name="test_resync_noop_on_authoritative" time="0.119" /><testcase classname="tests.test_afetm_pending" name="test_no_local_classification_thresholds_in_code" time="0.001" /><testcase classname="tests.test_afetm_pending" name="test_profile_regression" time="0.105" /><testcase classname="tests.test_afetm_pending" name="test_delete_assessment" time="0.711" /></testsuite></testsuites>