<?xml version="1.0" encoding="utf-8"?><testsuites name="pytest tests"><testsuite name="pytest" errors="0" failures="0" skipped="0" tests="12" time="1.678" timestamp="2026-08-22T12:11:42.122922+00:00" hostname="agent-env-fdcea8da-cd46-4a41-9009-1d325a9ce527"><testcase classname="tests.test_afetm_backend" name="test_health" time="0.245" /><testcase classname="tests.test_afetm_backend" name="test_profile_get_null_when_missing" time="0.054" /><testcase classname="tests.test_afetm_backend" name="test_profile_upsert_and_get" time="0.149" /><testcase classname="tests.test_afetm_backend" name="test_assessment_missing_reading_returns_400" time="0.046" /><testcase classname="tests.test_afetm_backend" name="test_assessment_fcp_formula" time="0.047" /><testcase classname="tests.test_afetm_backend" name="test_assessment_red_zone_slow" time="0.046" /><testcase classname="tests.test_afetm_backend" name="test_assessment_flattened_pattern" time="0.058" /><testcase classname="tests.test_afetm_backend" name="test_assessment_unstable_pattern" time="0.048" /><testcase classname="tests.test_afetm_backend" name="test_assessment_context_flag" time="0.051" /><testcase classname="tests.test_afetm_backend" name="test_list_sorted_desc_and_filter_by_device" time="0.098" /><testcase classname="tests.test_afetm_backend" name="test_get_missing_assessment_returns_404" time="0.047" /><testcase classname="tests.test_afetm_backend" name="test_delete_assessment_and_verify_gone" time="0.468" /></testsuite></testsuites>