<?xml version="1.0" encoding="utf-8"?><testsuites name="pytest tests"><testsuite name="pytest" errors="0" failures="0" skipped="0" tests="12" time="15.565" timestamp="2026-08-22T16:43:43.917884+00:00" hostname="agent-env-fdcea8da-cd46-4a41-9009-1d325a9ce527"><testcase classname="tests.test_afetm_ingress_424.TestPostAssessments424" name="test_returns_424_with_json_envelope[http://localhost:8001-localhost]" time="0.129" /><testcase classname="tests.test_afetm_ingress_424.TestPostAssessments424" name="test_returns_424_with_json_envelope[https://safety-check-mvp.preview.emergentagent.com-public_ingress]" time="0.305" /><testcase classname="tests.test_afetm_ingress_424.TestPostAssessments424" name="test_no_ghost_record_created[http://localhost:8001-localhost]" time="0.069" /><testcase classname="tests.test_afetm_ingress_424.TestPostAssessments424" name="test_no_ghost_record_created[https://safety-check-mvp.preview.emergentagent.com-public_ingress]" time="0.196" /><testcase classname="tests.test_afetm_ingress_424.TestResync424" name="test_resync_returns_424_and_does_not_mutate[http://localhost:8001-localhost]" time="4.082" /><testcase classname="tests.test_afetm_ingress_424.TestResync424" name="test_resync_returns_424_and_does_not_mutate[https://safety-check-mvp.preview.emergentagent.com-public_ingress]" time="0.246" /><testcase classname="tests.test_afetm_ingress_424.TestRootConfigured" name="test_root_upstream_configured_true[http://localhost:8001]" time="0.002" /><testcase classname="tests.test_afetm_ingress_424.TestRootConfigured" name="test_root_upstream_configured_true[https://safety-check-mvp.preview.emergentagent.com]" time="0.120" /><testcase classname="tests.test_afetm_ingress_424.TestUnconfiguredPending" name="test_pending_when_token_empty" time="4.324" /><testcase classname="tests.test_afetm_ingress_424.TestNetworkFailurePending" name="test_pending_when_url_unreachable" time="4.096" /><testcase classname="tests.test_afetm_ingress_424.TestStaticAudit" name="test_server_py_uses_424_not_502" time="0.001" /><testcase classname="tests.test_afetm_ingress_424.TestStaticAudit" name="test_api_ts_uses_code_based_gate" time="1.921" /></testsuite></testsuites>