<?xml version="1.0" encoding="utf-8"?><testsuites name="pytest tests"><testsuite name="pytest" errors="0" failures="0" skipped="0" tests="6" time="5.656" timestamp="2026-08-22T14:43:14.111996+00:00" hostname="agent-env-fdcea8da-cd46-4a41-9009-1d325a9ce527"><testcase classname="tests.test_afetm_proxy" name="test_root_exposes_proxy_metadata" time="0.152" /><testcase classname="tests.test_afetm_proxy" name="test_post_assessment_falls_back_when_token_empty" time="0.061" /><testcase classname="tests.test_afetm_proxy" name="test_list_and_detail_expose_calc_fields" time="0.121" /><testcase classname="tests.test_afetm_proxy" name="test_legacy_doc_defaults_to_reference_mirror" time="0.147" /><testcase classname="tests.test_afetm_proxy" name="test_reference_mirror_regression_red_zone" time="0.060" /><testcase classname="tests.test_afetm_proxy" name="test_invalid_token_gracefully_falls_back" time="5.066" /></testsuite></testsuites>